<?xml version="1.0" encoding="UTF-8"?>
<!-- Generated by org.testng.reporters.JUnitXMLReporter -->
<testsuite ignored="1" hostname="DESKTOP-8273O3C" failures="0" tests="1" name="Surefire test" time="18.09" errors="0" timestamp="26 May 2020 11:50:35 GMT">
  <testcase classname="com.ghali.tests.FuctionalTests" name="LoginTest" time="18.005"/>
  <testcase classname="com.ghali.tests.BaseTest" name="@BeforeTest BeforeTest" time="0.0">
    <ignored/>
  </testcase> <!-- @BeforeTest BeforeTest -->
</testsuite> <!-- Surefire test -->
