<?xml version="1.0" encoding="UTF-8"?>
<testng-results ignored="1" total="2" passed="1" failed="0" skipped="0">
  <reporter-output>
  </reporter-output>
  <suite started-at="2020-05-26T11:50:17Z" name="Surefire suite" finished-at="2020-05-26T11:50:35Z" duration-ms="18090">
    <groups>
    </groups>
    <test started-at="2020-05-26T11:50:17Z" name="Surefire test" finished-at="2020-05-26T11:50:35Z" duration-ms="18090">
      <class name="com.ghali.tests.BaseTest">
        <test-method is-config="true" signature="BeforeTest()[pri:0, instance:com.ghali.tests.BaseTest@4148db48]" started-at="2020-05-26T11:50:17Z" name="BeforeTest" finished-at="2020-05-26T11:50:17Z" duration-ms="54" status="PASS">
          <reporter-output>
          </reporter-output>
        </test-method> <!-- BeforeTest -->
      </class> <!-- com.ghali.tests.BaseTest -->
      <class name="com.ghali.tests.FuctionalTests">
        <test-method signature="LoginTest()[pri:0, instance:com.ghali.tests.FuctionalTests@282003e1]" started-at="2020-05-26T11:50:17Z" name="LoginTest" finished-at="2020-05-26T11:50:35Z" duration-ms="18005" status="PASS">
          <reporter-output>
          </reporter-output>
        </test-method> <!-- LoginTest -->
      </class> <!-- com.ghali.tests.FuctionalTests -->
    </test> <!-- Surefire test -->
  </suite> <!-- Surefire suite -->
</testng-results>
