<?xml version="1.0" encoding="UTF-8"?>
<testng-results ignored="0" total="1" passed="1" failed="0" skipped="0">
  <reporter-output>
  </reporter-output>
  <suite started-at="2020-05-26T12:20:12Z" name="Default suite" finished-at="2020-05-26T12:20:32Z" duration-ms="19805">
    <groups>
    </groups>
    <test started-at="2020-05-26T12:20:12Z" name="Default test" finished-at="2020-05-26T12:20:32Z" duration-ms="19805">
      <class name="com.ghali.tests.FuctionalTests">
        <test-method is-config="true" signature="BeforeTest()[pri:0, instance:com.ghali.tests.FuctionalTests@264f218]" started-at="2020-05-26T12:20:12Z" name="BeforeTest" finished-at="2020-05-26T12:20:13Z" duration-ms="62" status="PASS">
          <reporter-output>
          </reporter-output>
        </test-method> <!-- BeforeTest -->
        <test-method signature="LoginTest()[pri:0, instance:com.ghali.tests.FuctionalTests@264f218]" started-at="2020-05-26T12:20:13Z" name="LoginTest" finished-at="2020-05-26T12:20:32Z" duration-ms="19696" status="PASS">
          <reporter-output>
          </reporter-output>
        </test-method> <!-- LoginTest -->
      </class> <!-- com.ghali.tests.FuctionalTests -->
    </test> <!-- Default test -->
  </suite> <!-- Default suite -->
</testng-results>
